Start testing: May 30 13:40 +07
----------------------------------------------------------
1/1 Testing: backend_concept_tests
1/1 Test: backend_concept_tests
Command: "/Users/noppadolanuroje/Documents/Projects/engines2/markmos/build/backend_concept_tests"
Directory: /Users/noppadolanuroje/Documents/Projects/engines2/markmos/build
"backend_concept_tests" start time: May 30 13:40 +07
Output:
----------------------------------------------------------
<end of output>
Test time =   0.49 sec
----------------------------------------------------------
Test Passed.
"backend_concept_tests" end time: May 30 13:40 +07
"backend_concept_tests" time elapsed: 00:00:00
----------------------------------------------------------

End testing: May 30 13:40 +07
